<?xml version="1.0" encoding="UTF-8"?>
<testsuite xmlns:xsi="http://www.w3.org/2001/XMLSchema-instance" xsi:noNamespaceSchemaLocation="https://maven.apache.org/surefire/maven-surefire-plugin/xsd/surefire-test-report-3.0.xsd" version="3.0" name="org.example.AppTest" time="0.033" tests="3" errors="0" skipped="0" failures="0">
  <properties>
    <property name="java.specification.version" value="21"/>
    <property name="sun.cpu.isalist" value="amd64"/>
    <property name="sun.jnu.encoding" value="GBK"/>
    <property name="java.class.path" value="D:\Repositery\CodeEveryday\JavaWeb\Maven\web_project\maven-project-4\target\test-classes;D:\Repositery\CodeEveryday\JavaWeb\Maven\web_project\maven-project-4\target\classes;D:\Cache\maven_repository\junit\junit\4.12\junit-4.12.jar;D:\Cache\maven_repository\org\hamcrest\hamcrest-core\1.3\hamcrest-core-1.3.jar;"/>
    <property name="java.vm.vendor" value="Oracle Corporation"/>
    <property name="sun.arch.data.model" value="64"/>
    <property name="user.variant" value=""/>
    <property name="java.vendor.url" value="https://java.oracle.com/"/>
    <property name="user.timezone" value="Asia/Shanghai"/>
    <property name="user.country.format" value="US"/>
    <property name="os.name" value="Windows 11"/>
    <property name="java.vm.specification.version" value="21"/>
    <property name="sun.java.launcher" value="SUN_STANDARD"/>
    <property name="user.country" value="CN"/>
    <property name="sun.boot.library.path" value="D:\JavaDevelopment\jdk\bin"/>
    <property name="sun.java.command" value="C:\Users\Harry\AppData\Local\Temp\surefire5501956879439194206\surefirebooter-20240408111301816_3.jar C:\Users\Harry\AppData\Local\Temp\surefire5501956879439194206 2024-04-08T11-13-01_721-jvmRun1 surefire-20240408111301816_1tmp surefire_0-20240408111301816_2tmp"/>
    <property name="jdk.debug" value="release"/>
    <property name="surefire.test.class.path" value="D:\Repositery\CodeEveryday\JavaWeb\Maven\web_project\maven-project-4\target\test-classes;D:\Repositery\CodeEveryday\JavaWeb\Maven\web_project\maven-project-4\target\classes;D:\Cache\maven_repository\junit\junit\4.12\junit-4.12.jar;D:\Cache\maven_repository\org\hamcrest\hamcrest-core\1.3\hamcrest-core-1.3.jar;"/>
    <property name="sun.cpu.endian" value="little"/>
    <property name="user.home" value="C:\Users\Harry"/>
    <property name="user.language" value="zh"/>
    <property name="java.specification.vendor" value="Oracle Corporation"/>
    <property name="java.version.date" value="2023-10-17"/>
    <property name="java.home" value="D:\JavaDevelopment\jdk"/>
    <property name="file.separator" value="\"/>
    <property name="basedir" value="D:\Repositery\CodeEveryday\JavaWeb\Maven\web_project\maven-project-4"/>
    <property name="java.vm.compressedOopsMode" value="Zero based"/>
    <property name="line.separator" value="&#10;"/>
    <property name="java.vm.specification.vendor" value="Oracle Corporation"/>
    <property name="java.specification.name" value="Java Platform API Specification"/>
    <property name="surefire.real.class.path" value="C:\Users\Harry\AppData\Local\Temp\surefire5501956879439194206\surefirebooter-20240408111301816_3.jar"/>
    <property name="user.script" value=""/>
    <property name="sun.management.compiler" value="HotSpot 64-Bit Tiered Compilers"/>
    <property name="java.runtime.version" value="21.0.1+12-LTS-29"/>
    <property name="user.name" value="Harry"/>
    <property name="stdout.encoding" value="GBK"/>
    <property name="path.separator" value=";"/>
    <property name="os.version" value="10.0"/>
    <property name="java.runtime.name" value="Java(TM) SE Runtime Environment"/>
    <property name="file.encoding" value="UTF-8"/>
    <property name="java.vm.name" value="Java HotSpot(TM) 64-Bit Server VM"/>
    <property name="localRepository" value="D:\Cache\maven_repository"/>
    <property name="java.vendor.url.bug" value="https://bugreport.java.com/bugreport/"/>
    <property name="java.io.tmpdir" value="C:\Users\Harry\AppData\Local\Temp\"/>
    <property name="idea.version" value="2023.2.4"/>
    <property name="java.version" value="21.0.1"/>
    <property name="user.dir" value="D:\Repositery\CodeEveryday\JavaWeb\Maven\web_project\maven-project-4"/>
    <property name="os.arch" value="amd64"/>
    <property name="java.vm.specification.name" value="Java Virtual Machine Specification"/>
    <property name="user.language.format" value="en"/>
    <property name="sun.os.patch.level" value=""/>
    <property name="native.encoding" value="GBK"/>
    <property name="java.library.path" value="D:\JavaDevelopment\jdk\bin;C:\WINDOWS\Sun\Java\bin;C:\WINDOWS\system32;C:\WINDOWS;D:\JavaDevelopment\jdk\bin;C:\Program Files\Common Files\Oracle\Java\javapath;C:\Windows\system32;C:\Windows;C:\Windows\System32\Wbem;C:\Windows\System32\WindowsPowerShell\v1.0\;C:\Windows\System32\OpenSSH\;C:\Users\Harry\AppData\Local\Bandizip\;C:\Program Files\NVIDIA Corporation\NVIDIA NvDLISR;C:\WINDOWS\system32;C:\WINDOWS;C:\WINDOWS\System32\Wbem;C:\WINDOWS\System32\WindowsPowerShell\v1.0\;C:\WINDOWS\System32\OpenSSH\;C:\Program Files\Git\cmd;C:\Users\Harry\AppData\Local\texlive\2023\bin\windows;C:\Program Files\mingw64\bin;C:\Program Files (x86)\NVIDIA Corporation\PhysX\Common;C:\Program Files\nodejs\;C:\Program Files (x86)\Maven\apache-maven-3.9.6\bin;C:\Program Files\MySQL\MySQL Server 8.0\bin\;C:\Program Files\MySQL\MySQL Shell 8.0\bin\;C:\Users\Harry\AppData\Local\Anaconda;C:\Users\Harry\AppData\Local\Anaconda\Library\mingw-w64\bin;C:\Users\Harry\AppData\Local\Anaconda\Library\usr\bin;C:\Users\Harry\AppData\Local\Anaconda\Library\bin;C:\Users\Harry\AppData\Local\Anaconda\Scripts;C:\Users\Harry\AppData\Local\Microsoft\WindowsApps;C:\Users\Harry\AppData\Local\Programs\Microsoft VS Code\bin;C:\Users\Harry\AppData\Local\GitHubDesktop\bin;C:\Users\Harry\AppData\Roaming\npm;D:\JavaDevelopment\idea\IntelliJ IDEA 2023.2.4\bin;;D:\WebStorm\WebStorm 2023.3.4\bin;;."/>
    <property name="java.vm.info" value="mixed mode, sharing"/>
    <property name="stderr.encoding" value="GBK"/>
    <property name="java.vendor" value="Oracle Corporation"/>
    <property name="java.vm.version" value="21.0.1+12-LTS-29"/>
    <property name="sun.io.unicode.encoding" value="UnicodeLittle"/>
    <property name="maven.repo.local" value="D:\Cache\maven_repository"/>
    <property name="java.class.version" value="65.0"/>
  </properties>
  <testcase name="test1" classname="org.example.AppTest" time="0.005">
    <system-out><![CDATA[test1
]]></system-out>
  </testcase>
  <testcase name="test2" classname="org.example.AppTest" time="0.0">
    <system-out><![CDATA[test2
]]></system-out>
  </testcase>
  <testcase name="test3" classname="org.example.AppTest" time="0.002">
    <system-out><![CDATA[test3
]]></system-out>
  </testcase>
</testsuite>